<?xml version="1.0" encoding="UTF-8"?>
<testsuite xmlns:xsi="http://www.w3.org/2001/XMLSchema-instance" xsi:noNamespaceSchemaLocation="https://maven.apache.org/surefire/maven-surefire-plugin/xsd/surefire-test-report-3.0.xsd" version="3.0" name="org.example.testRunner.runners" time="18.392" tests="2" errors="0" skipped="0" failures="2">
  <properties>
[...]
</properties>
  <testcase name="runScenario" classname="org.example.testRunner.runners" time="10.633">
    <failure message="The step &apos;User click on register button&apos; and 1 other step(s) are undefined.&#10;You can implement these steps using the snippet(s) below:&#10;&#10;@When(&quot;User click on register button&quot;)&#10;public void user_click_on_register_button() {&#10;    // Write code here that turns the phrase above into concrete actions&#10;    throw new io.cucumber.java.PendingException();&#10;}&#10;@Then(&quot;user should register successfully&quot;)&#10;public void user_should_register_successfully() {&#10;    // Write code here that turns the phrase above into concrete actions&#10;    throw new io.cucumber.java.PendingException();&#10;}&#10;" type="io.cucumber.testng.UndefinedStepException"><![CDATA[io.cucumber.testng.UndefinedStepException: 
The step 'User click on register button' and 1 other step(s) are undefined.
You can implement these steps using the snippet(s) below:

@When("User click on register button")
public void user_click_on_register_button() {
    // Write code here that turns the phrase above into concrete actions
    throw new io.cucumber.java.PendingException();
}
@Then("user should register successfully")
public void user_should_register_successfully() {
    // Write code here that turns the phrase above into concrete actions
    throw new io.cucumber.java.PendingException();
}

]]></failure>
    <system-out><![CDATA[
@Regression
Scenario: User Register with valid data  &amp#27;[90m# src/main/resources/features/F01_Register.feature:3&amp#27;[0m
  &amp#27;[32mGiven &amp#27;[0m&amp#27;[32muser navigate to Register Page&amp#27;[0m   &amp#27;[90m# org.example.stepDefinitions.D01_registerStepDef.registerPage()&amp#27;[0m
  &amp#27;[32mWhen &amp#27;[0m&amp#27;[32mUser enter valid data&amp#27;[0m             &amp#27;[90m# org.example.stepDefinitions.D01_registerStepDef.insertValidData()&amp#27;[0m
  &amp#27;[33mAnd &amp#27;[0m&amp#27;[33mUser click on register button&amp#27;[0m
  &amp#27;[36mThen &amp#27;[0m&amp#27;[36muser should register successfully&amp#27;[0m
]]></system-out>
    <system-err><![CDATA[SLF4J: Failed to load class "org.slf4j.impl.StaticLoggerBinder".
SLF4J: Defaulting to no-operation (NOP) logger implementation
SLF4J: See http://www.slf4j.org/codes.html#StaticLoggerBinder for further details.
Starting ChromeDriver 108.0.5359.71 (1e0e3868ee06e91ad636a874420e3ca3ae3756ac-refs/branch-heads/5359@{#1016}) on port 47224
Only local connections are allowed.
Please see https://chromedriver.chromium.org/security-considerations for suggestions on keeping ChromeDriver safe.
ChromeDriver was started successfully.
]]></system-err>
  </testcase>
  <testcase name="runScenario" classname="org.example.testRunner.runners" time="6.596">
    <failure message="The step &apos;Click on currency dropdown&apos; and 2 other step(s) are undefined.&#10;You can implement these steps using the snippet(s) below:&#10;&#10;@Given(&quot;Click on currency dropdown&quot;)&#10;public void click_on_currency_dropdown() {&#10;    // Write code here that turns the phrase above into concrete actions&#10;    throw new io.cucumber.java.PendingException();&#10;}&#10;@Then(&quot;Currency changes successfully&quot;)&#10;public void currency_changes_successfully() {&#10;    // Write code here that turns the phrase above into concrete actions&#10;    throw new io.cucumber.java.PendingException();&#10;}&#10;@Then(&quot;Change currency again&quot;)&#10;public void change_currency_again() {&#10;    // Write code here that turns the phrase above into concrete actions&#10;    throw new io.cucumber.java.PendingException();&#10;}&#10;" type="io.cucumber.testng.UndefinedStepException"><![CDATA[io.cucumber.testng.UndefinedStepException: 
The step 'Click on currency dropdown' and 2 other step(s) are undefined.
You can implement these steps using the snippet(s) below:

@Given("Click on currency dropdown")
public void click_on_currency_dropdown() {
    // Write code here that turns the phrase above into concrete actions
    throw new io.cucumber.java.PendingException();
}
@Then("Currency changes successfully")
public void currency_changes_successfully() {
    // Write code here that turns the phrase above into concrete actions
    throw new io.cucumber.java.PendingException();
}
@Then("Change currency again")
public void change_currency_again() {
    // Write code here that turns the phrase above into concrete actions
    throw new io.cucumber.java.PendingException();
}

]]></failure>
    <system-out><![CDATA[
@Regression
Scenario: User change currency       &amp#27;[90m# src/main/resources/features/F04_Currency.feature:3&amp#27;[0m
  &amp#27;[33mGiven &amp#27;[0m&amp#27;[33mClick on currency dropdown&amp#27;[0m
  &amp#27;[36mThen &amp#27;[0m&amp#27;[36mCurrency changes successfully&amp#27;[0m
  &amp#27;[36mAnd &amp#27;[0m&amp#27;[36mChange currency again&amp#27;[0m
]]></system-out>
    <system-err><![CDATA[Starting ChromeDriver 108.0.5359.71 (1e0e3868ee06e91ad636a874420e3ca3ae3756ac-refs/branch-heads/5359@{#1016}) on port 10659
Only local connections are allowed.
Please see https://chromedriver.chromium.org/security-considerations for suggestions on keeping ChromeDriver safe.
ChromeDriver was started successfully.
]]></system-err>
  </testcase>
</testsuite>